<?xml version="1.0" encoding="UTF-8" ?>
<testsuite tests="11" failures="0" name="stuntClimb.ClimbingTest" time="0.019" errors="0" skipped="0">
  <properties>
[...]
</properties>
  <testcase classname="stuntClimb.ClimbingTest" name="test_Constructor_Should_Create_Correct_Object" time="0.005"/>
  <testcase classname="stuntClimb.ClimbingTest" name="test_AddRockClimber_ShouldThrow_When_Climber_Duplicated" time="0"/>
  <testcase classname="stuntClimb.ClimbingTest" name="test_Constructor_ShouldThrow_When_Capacity_Negative" time="0"/>
  <testcase classname="stuntClimb.ClimbingTest" name="test_Constructor_ShouldThrow_When_Name_Blank_Or_Empty" time="0.01"/>
  <testcase classname="stuntClimb.ClimbingTest" name="test_AddRockClimber_ShouldThrow_When_NoCapacity" time="0"/>
  <testcase classname="stuntClimb.ClimbingTest" name="test_AddRockClimber_Should_Add_Correct" time="0.001"/>
  <testcase classname="stuntClimb.ClimbingTest" name="test_RemoveRockClimber_Remove_Success" time="0.001"/>
  <testcase classname="stuntClimb.ClimbingTest" name="test_RemoveRockClimber_Remove_Not_Success" time="0.001"/>
  <testcase classname="stuntClimb.ClimbingTest" name="test_Constructor_ShouldThrow_When_Name_Blank" time="0"/>
  <testcase classname="stuntClimb.ClimbingTest" name="test_Constructor_ShouldThrow_When_Name_Empty" time="0.001"/>
  <testcase classname="stuntClimb.ClimbingTest" name="test_Constructor_ShouldThrow_When_Name_Null" time="0"/>
</testsuite>