<?xml version="1.0" encoding="UTF-8" ?>
<testsuite tests="14" failures="0" name="p02_ExtendedDatabase.ExtendedDatabaseTest" time="0.018" errors="0" skipped="1">
  <properties>
[...]
</properties>
  <testcase classname="p02_ExtendedDatabase.ExtendedDatabaseTest" name="test_Remove_Should_Remove_Successfully" time="0.001"/>
  <testcase classname="p02_ExtendedDatabase.ExtendedDatabaseTest" name="test_Constructor_Should_Create_Correct_Object" time="0.002">
    <skipped/>
  </testcase>
  <testcase classname="p02_ExtendedDatabase.ExtendedDatabaseTest" name="test_FindById_Should_Throw_When_Duplicated_Persons" time="0.012"/>
  <testcase classname="p02_ExtendedDatabase.ExtendedDatabaseTest" name="test_Add_Should_Increase_Elements_Count_When_Add_Element" time="0"/>
  <testcase classname="p02_ExtendedDatabase.ExtendedDatabaseTest" name="test_Add_Should_Throw_When_Element_Null" time="0"/>
  <testcase classname="p02_ExtendedDatabase.ExtendedDatabaseTest" name="test_Add_Should_Add_Element_OnTheLast_Position" time="0.001"/>
  <testcase classname="p02_ExtendedDatabase.ExtendedDatabaseTest" name="test_FindByUserName_Should_Throw_When_Username_Null" time="0"/>
  <testcase classname="p02_ExtendedDatabase.ExtendedDatabaseTest" name="test_FindByUserName_Should_Throw_When_Duplicated_Persons" time="0.001"/>
  <testcase classname="p02_ExtendedDatabase.ExtendedDatabaseTest" name="test_FindByUserName_Should_Throw_When_Username_NotPresent" time="0"/>
  <testcase classname="p02_ExtendedDatabase.ExtendedDatabaseTest" name="test_FindByUserName_Should_Return_CorrectPerson" time="0.001"/>
  <testcase classname="p02_ExtendedDatabase.ExtendedDatabaseTest" name="test_Constructor_should_Throw_When_Elements_Smaller_Than1" time="0"/>
  <testcase classname="p02_ExtendedDatabase.ExtendedDatabaseTest" name="test_Constructor_should_Throw_When_Elements_Greater_Than16" time="0"/>
  <testcase classname="p02_ExtendedDatabase.ExtendedDatabaseTest" name="test_FindById_Should_Return_CorrectPerson" time="0"/>
  <testcase classname="p02_ExtendedDatabase.ExtendedDatabaseTest" name="test_Remove_Should_Throw_When_EmptyDatabase" time="0"/>
</testsuite>